app/build/intermediates/manifest_merge_blame_file/release/manifest-merger-blame-release-report.txt
1<?xml version="1.0" encoding="utf-8"?>
2<manifest xmlns:android="http://schemas.android.com/apk/res/android"
3    package="com.bene.pictures"
4    android:versionCode="13"
5    android:versionName="1.0.4" >
6
7    <uses-sdk
8        android:minSdkVersion="21"
8-->src/main/AndroidManifest.xml
9        android:targetSdkVersion="28" />
9-->src/main/AndroidManifest.xml
10
11    <uses-permission android:name="android.permission.ACCESS_WIFI_STATE" />
11-->src/main/AndroidManifest.xml:5:5-76
11-->src/main/AndroidManifest.xml:5:22-73
12    <uses-permission android:name="android.permission.CHANGE_WIFI_STATE" />
12-->src/main/AndroidManifest.xml:6:5-76
12-->src/main/AndroidManifest.xml:6:22-73
13    <uses-permission android:name="android.permission.INTERNET" />
13-->src/main/AndroidManifest.xml:7:5-67
13-->src/main/AndroidManifest.xml:7:22-64
14    <uses-permission android:name="android.permission.ACCESS_NETWORK_STATE" />
14-->src/main/AndroidManifest.xml:8:5-79
14-->src/main/AndroidManifest.xml:8:22-76
15    <uses-permission android:name="android.permission.CHANGE_NETWORK_STATE" />
15-->src/main/AndroidManifest.xml:9:5-79
15-->src/main/AndroidManifest.xml:9:22-76
16    <uses-permission android:name="android.permission.READ_PHONE_STATE" />
16-->src/main/AndroidManifest.xml:10:5-75
16-->src/main/AndroidManifest.xml:10:22-72
17    <uses-permission android:name="android.permission.READ_EXTERNAL_STORAGE" />
17-->src/main/AndroidManifest.xml:11:5-80
17-->src/main/AndroidManifest.xml:11:22-77
18    <uses-permission android:name="android.permission.WRITE_EXTERNAL_STORAGE" />
18-->src/main/AndroidManifest.xml:12:5-81
18-->src/main/AndroidManifest.xml:12:22-78
19    <uses-permission android:name="android.permission.CAMERA" />
19-->src/main/AndroidManifest.xml:13:5-65
19-->src/main/AndroidManifest.xml:13:22-62
20    <uses-permission android:name="android.permission.GET_ACCOUNTS" />
20-->src/main/AndroidManifest.xml:14:5-71
20-->src/main/AndroidManifest.xml:14:22-68
21    <uses-permission android:name="android.permission.READ_CONTACTS" />
21-->src/main/AndroidManifest.xml:15:5-72
21-->src/main/AndroidManifest.xml:15:22-69
22    <uses-permission android:name="android.permission.USE_FINGERPRINT" />
22-->src/main/AndroidManifest.xml:16:5-74
22-->src/main/AndroidManifest.xml:16:22-71
23    <uses-permission android:name="android.permission.ACCESS_FINE_LOCATION" />
23-->src/main/AndroidManifest.xml:17:5-79
23-->src/main/AndroidManifest.xml:17:22-76
24    <uses-permission android:name="android.permission.ACCESS_COARSE_LOCATION" />
24-->src/main/AndroidManifest.xml:18:5-81
24-->src/main/AndroidManifest.xml:18:22-78
25
26    <uses-feature android:name="android.hardware.camera" />
26-->src/main/AndroidManifest.xml:20:5-60
26-->src/main/AndroidManifest.xml:20:19-57
27    <uses-feature android:name="android.hardware.camera.autofocus" />
27-->src/main/AndroidManifest.xml:21:5-70
27-->src/main/AndroidManifest.xml:21:19-67
28
29    <uses-permission android:name="android.permission.WAKE_LOCK" />
29-->[com.google.firebase:firebase-measurement-connector-impl:17.0.4] AndroidManifest.xml:24:5-68
29-->[com.google.firebase:firebase-measurement-connector-impl:17.0.4] AndroidManifest.xml:24:22-65
30    <uses-permission android:name="com.google.android.finsky.permission.BIND_GET_INSTALL_REFERRER_SERVICE" /> <!-- Required by older versions of Google Play services to create IID tokens -->
30-->[com.google.firebase:firebase-analytics:16.0.6] AndroidManifest.xml:26:5-110
30-->[com.google.firebase:firebase-analytics:16.0.6] AndroidManifest.xml:26:22-107
31    <uses-permission android:name="com.google.android.c2dm.permission.RECEIVE" />
31-->[com.google.firebase:firebase-iid:17.0.4] AndroidManifest.xml:26:5-82
31-->[com.google.firebase:firebase-iid:17.0.4] AndroidManifest.xml:26:22-79
32    <uses-permission android:name="android.permission.RECORD_AUDIO" />
32-->[:album-2.1.3:] AndroidManifest.xml:27:5-71
32-->[:album-2.1.3:] AndroidManifest.xml:27:22-68
33
34    <application
34-->src/main/AndroidManifest.xml:23:5-181:19
35        android:name="com.bene.pictures.MyApplication"
35-->src/main/AndroidManifest.xml:24:9-38
36        android:allowBackup="true"
36-->src/main/AndroidManifest.xml:25:9-35
37        android:appComponentFactory="android.support.v4.app.CoreComponentFactory"
37-->[com.android.support:support-compat:28.0.0] AndroidManifest.xml:22:18-91
38        android:icon="@mipmap/ic_launcher"
38-->src/main/AndroidManifest.xml:26:9-43
39        android:label="@string/app_name"
39-->src/main/AndroidManifest.xml:27:9-41
40        android:largeHeap="true"
40-->src/main/AndroidManifest.xml:28:9-33
41        android:roundIcon="@mipmap/ic_launcher_round"
41-->src/main/AndroidManifest.xml:29:9-54
42        android:supportsRtl="true"
42-->src/main/AndroidManifest.xml:30:9-35
43        android:theme="@style/AppTheme"
43-->src/main/AndroidManifest.xml:31:9-40
44        android:usesCleartextTraffic="true" >
44-->src/main/AndroidManifest.xml:32:9-44
45        <activity android:name="com.bene.pictures.ui.main.takereward.RewardPickerActivity" />
45-->src/main/AndroidManifest.xml:33:9-86
45-->src/main/AndroidManifest.xml:33:19-74
46
47        <uses-library
47-->src/main/AndroidManifest.xml:35:9-37:40
48            android:name="org.apache.http.legacy"
48-->src/main/AndroidManifest.xml:36:13-50
49            android:required="false" />
49-->src/main/AndroidManifest.xml:37:13-37
50
51        <activity android:name="com.bene.pictures.ui.splash.SplashActivity" >
51-->src/main/AndroidManifest.xml:39:9-46:20
51-->src/main/AndroidManifest.xml:39:19-59
52            <intent-filter>
52-->src/main/AndroidManifest.xml:40:13-44:29
53                <action android:name="android.intent.action.MAIN" />
53-->src/main/AndroidManifest.xml:41:17-69
53-->src/main/AndroidManifest.xml:41:25-66
54
55                <category android:name="android.intent.category.LAUNCHER" />
55-->src/main/AndroidManifest.xml:43:17-77
55-->src/main/AndroidManifest.xml:43:27-74
56            </intent-filter>
57        </activity>
58
59        <!-- 카카오톡 관련 추가 -->
60        <meta-data
60-->src/main/AndroidManifest.xml:49:9-51:53
61            android:name="com.kakao.sdk.AppKey"
61-->src/main/AndroidManifest.xml:50:13-48
62            android:value="@string/kakao_app_key" />
62-->src/main/AndroidManifest.xml:51:13-50
63
64        <activity
64-->src/main/AndroidManifest.xml:52:9-55:73
65            android:name="com.bene.pictures.ui.login.LoginActivity"
65-->src/main/AndroidManifest.xml:53:13-51
66            android:screenOrientation="portrait"
66-->src/main/AndroidManifest.xml:54:13-49
67            android:windowSoftInputMode="stateAlwaysHidden|adjustPan" />
67-->src/main/AndroidManifest.xml:55:13-70
68        <activity
68-->src/main/AndroidManifest.xml:56:9-59:73
69            android:name="com.bene.pictures.ui.join.JoinAgreeActivity"
69-->src/main/AndroidManifest.xml:57:13-54
70            android:screenOrientation="portrait"
70-->src/main/AndroidManifest.xml:58:13-49
71            android:windowSoftInputMode="stateAlwaysHidden|adjustPan" />
71-->src/main/AndroidManifest.xml:59:13-70
72        <activity
72-->src/main/AndroidManifest.xml:60:9-63:73
73            android:name="com.bene.pictures.ui.join.JoinRegActivity"
73-->src/main/AndroidManifest.xml:61:13-52
74            android:screenOrientation="portrait"
74-->src/main/AndroidManifest.xml:62:13-49
75            android:windowSoftInputMode="stateAlwaysHidden|adjustPan" />
75-->src/main/AndroidManifest.xml:63:13-70
76        <activity
76-->src/main/AndroidManifest.xml:64:9-67:73
77            android:name="com.bene.pictures.ui.login.IdFindActivity"
77-->src/main/AndroidManifest.xml:65:13-52
78            android:screenOrientation="portrait"
78-->src/main/AndroidManifest.xml:66:13-49
79            android:windowSoftInputMode="stateAlwaysHidden|adjustPan" />
79-->src/main/AndroidManifest.xml:67:13-70
80        <activity
80-->src/main/AndroidManifest.xml:68:9-71:73
81            android:name="com.bene.pictures.ui.login.PwdFindActivity"
81-->src/main/AndroidManifest.xml:69:13-53
82            android:screenOrientation="portrait"
82-->src/main/AndroidManifest.xml:70:13-49
83            android:windowSoftInputMode="stateAlwaysHidden|adjustPan" />
83-->src/main/AndroidManifest.xml:71:13-70
84        <activity
84-->src/main/AndroidManifest.xml:72:9-75:73
85            android:name="com.bene.pictures.ui.login.PwdChangeActivity"
85-->src/main/AndroidManifest.xml:73:13-55
86            android:screenOrientation="portrait"
86-->src/main/AndroidManifest.xml:74:13-49
87            android:windowSoftInputMode="stateAlwaysHidden|adjustPan" />
87-->src/main/AndroidManifest.xml:75:13-70
88        <activity
88-->src/main/AndroidManifest.xml:76:9-79:73
89            android:name="com.bene.pictures.ui.main.MainActivity"
89-->src/main/AndroidManifest.xml:77:13-49
90            android:screenOrientation="portrait"
90-->src/main/AndroidManifest.xml:78:13-49
91            android:windowSoftInputMode="stateAlwaysHidden|adjustPan" />
91-->src/main/AndroidManifest.xml:79:13-70
92        <activity
92-->src/main/AndroidManifest.xml:80:9-82:59
93            android:name="com.bene.pictures.ui.dialog.ConfirmDialogActivity"
93-->src/main/AndroidManifest.xml:81:13-60
94            android:theme="@style/AppTheme.Translucent" />
94-->src/main/AndroidManifest.xml:82:13-56
95        <activity
95-->src/main/AndroidManifest.xml:83:9-85:59
96            android:name="com.bene.pictures.ui.dialog.ConfirmDialog1Activity"
96-->src/main/AndroidManifest.xml:84:13-61
97            android:theme="@style/AppTheme.Translucent" />
97-->src/main/AndroidManifest.xml:85:13-56
98        <activity
98-->src/main/AndroidManifest.xml:86:9-89:73
99            android:name="com.bene.pictures.ui.dialog.SignOutActivity"
99-->src/main/AndroidManifest.xml:87:13-54
100            android:theme="@style/AppTheme.Translucent"
100-->src/main/AndroidManifest.xml:88:13-56
101            android:windowSoftInputMode="stateAlwaysHidden|adjustPan" />
101-->src/main/AndroidManifest.xml:89:13-70
102        <activity
102-->src/main/AndroidManifest.xml:90:9-92:52
103            android:name="com.bene.pictures.ui.main.adver.VideoAdverViewActivity"
103-->src/main/AndroidManifest.xml:91:13-65
104            android:screenOrientation="portrait" />
104-->src/main/AndroidManifest.xml:92:13-49
105        <activity
105-->src/main/AndroidManifest.xml:93:9-96:73
106            android:name="com.bene.pictures.ui.setting.AppAlarmSettingActivity"
106-->src/main/AndroidManifest.xml:94:13-63
107            android:screenOrientation="portrait"
107-->src/main/AndroidManifest.xml:95:13-49
108            android:windowSoftInputMode="stateAlwaysHidden|adjustPan" />
108-->src/main/AndroidManifest.xml:96:13-70
109        <activity
109-->src/main/AndroidManifest.xml:97:9-100:73
110            android:name="com.bene.pictures.ui.setting.ProfileSettingActivity"
110-->src/main/AndroidManifest.xml:98:13-62
111            android:screenOrientation="portrait"
111-->src/main/AndroidManifest.xml:99:13-49
112            android:windowSoftInputMode="stateAlwaysHidden|adjustPan" />
112-->src/main/AndroidManifest.xml:100:13-70
113        <activity
113-->src/main/AndroidManifest.xml:101:9-104:73
114            android:name="com.bene.pictures.ui.main.msgbox.MsgBoxActivity"
114-->src/main/AndroidManifest.xml:102:13-58
115            android:screenOrientation="portrait"
115-->src/main/AndroidManifest.xml:103:13-49
116            android:windowSoftInputMode="stateAlwaysHidden|adjustPan" />
116-->src/main/AndroidManifest.xml:104:13-70
117        <activity
117-->src/main/AndroidManifest.xml:105:9-119:20
118            android:name="com.bene.pictures.ui.main.friendlist.FriendListActivity"
118-->src/main/AndroidManifest.xml:106:13-66
119            android:windowSoftInputMode="stateAlwaysHidden|adjustPan" >
119-->src/main/AndroidManifest.xml:107:13-70
120
121            <!-- 카카오톡 링크 관련 추가 -->
122            <intent-filter>
122-->src/main/AndroidManifest.xml:109:13-118:29
123                <action android:name="android.intent.action.VIEW" />
123-->src/main/AndroidManifest.xml:110:17-69
123-->src/main/AndroidManifest.xml:110:25-66
124
125                <category android:name="android.intent.category.DEFAULT" />
125-->src/main/AndroidManifest.xml:112:17-76
125-->src/main/AndroidManifest.xml:112:27-73
126                <category android:name="android.intent.category.BROWSABLE" />
126-->src/main/AndroidManifest.xml:113:17-78
126-->src/main/AndroidManifest.xml:113:27-75
127
128                <data
128-->src/main/AndroidManifest.xml:115:17-117:61
129                    android:host="@string/kakaolink_host"
129-->src/main/AndroidManifest.xml:116:21-58
130                    android:scheme="@string/kakao_scheme" />
130-->src/main/AndroidManifest.xml:117:21-58
131            </intent-filter>
132        </activity>
133        <activity
133-->src/main/AndroidManifest.xml:120:9-122:52
134            android:name="com.bene.pictures.ui.main.mypage.MypageActivity"
134-->src/main/AndroidManifest.xml:121:13-58
135            android:screenOrientation="portrait" />
135-->src/main/AndroidManifest.xml:122:13-49
136        <activity
136-->src/main/AndroidManifest.xml:123:9-125:59
137            android:name="com.bene.pictures.ui.main.msgbox.MsgDetailActivity"
137-->src/main/AndroidManifest.xml:124:13-61
138            android:theme="@style/AppTheme.Translucent" />
138-->src/main/AndroidManifest.xml:125:13-56
139        <activity
139-->src/main/AndroidManifest.xml:126:9-128:59
140            android:name="com.bene.pictures.ui.main.takereward.ReviewDetailActivity"
140-->src/main/AndroidManifest.xml:127:13-68
141            android:theme="@style/AppTheme.Translucent" />
141-->src/main/AndroidManifest.xml:128:13-56
142        <activity
142-->src/main/AndroidManifest.xml:129:9-131:73
143            android:name="com.bene.pictures.ui.main.takereward.TakeRewardActivity"
143-->src/main/AndroidManifest.xml:130:13-66
144            android:windowSoftInputMode="stateAlwaysHidden|adjustPan" />
144-->src/main/AndroidManifest.xml:131:13-70
145        <activity
145-->src/main/AndroidManifest.xml:132:9-134:59
146            android:name="com.bene.pictures.ui.main.mypage.SubscribeInfoDetailActivity"
146-->src/main/AndroidManifest.xml:133:13-71
147            android:theme="@style/AppTheme.Translucent" />
147-->src/main/AndroidManifest.xml:134:13-56
148        <activity
148-->src/main/AndroidManifest.xml:135:9-137:52
149            android:name="com.bene.pictures.ui.main.adver.SwitchingPuzzleAdverActivity"
149-->src/main/AndroidManifest.xml:136:13-71
150            android:screenOrientation="portrait" />
150-->src/main/AndroidManifest.xml:137:13-49
151        <activity
151-->src/main/AndroidManifest.xml:138:9-140:52
152            android:name="com.bene.pictures.ui.main.adver.ParingPuzzelAdverActivity"
152-->src/main/AndroidManifest.xml:139:13-68
153            android:screenOrientation="portrait" />
153-->src/main/AndroidManifest.xml:140:13-49
154        <activity
154-->src/main/AndroidManifest.xml:141:9-144:73
155            android:name="com.bene.pictures.ui.main.regadver.RegAdverActivity"
155-->src/main/AndroidManifest.xml:142:13-62
156            android:screenOrientation="portrait"
156-->src/main/AndroidManifest.xml:143:13-49
157            android:windowSoftInputMode="stateAlwaysHidden|adjustPan" />
157-->src/main/AndroidManifest.xml:144:13-70
158        <activity
158-->src/main/AndroidManifest.xml:145:9-147:52
159            android:name="com.bene.pictures.ui.main.winnner.WinnerCheckActivity"
159-->src/main/AndroidManifest.xml:146:13-64
160            android:screenOrientation="portrait" />
160-->src/main/AndroidManifest.xml:147:13-49
161        <activity
161-->src/main/AndroidManifest.xml:148:9-151:73
162            android:name="com.bene.pictures.ui.dialog.UserCheckActivity"
162-->src/main/AndroidManifest.xml:149:13-56
163            android:theme="@style/AppTheme.Translucent"
163-->src/main/AndroidManifest.xml:150:13-56
164            android:windowSoftInputMode="stateAlwaysHidden|adjustPan" />
164-->src/main/AndroidManifest.xml:151:13-70
165        <activity
165-->src/main/AndroidManifest.xml:152:9-155:59
166            android:name="com.theartofdev.edmodo.cropper.CropImageActivity"
166-->src/main/AndroidManifest.xml:153:13-76
167            android:screenOrientation="portrait"
167-->src/main/AndroidManifest.xml:154:13-49
168            android:theme="@style/Base.Theme.AppCompat" />
168-->src/main/AndroidManifest.xml:155:13-56
169
170        <!-- ####################[START FCB_receiver] #################### -->
171        <service android:name="com.bene.pictures.fcm.FirebaseMessagingService" >
171-->src/main/AndroidManifest.xml:158:9-162:19
171-->src/main/AndroidManifest.xml:158:18-62
172            <intent-filter>
172-->src/main/AndroidManifest.xml:159:13-161:29
173                <action android:name="com.google.firebase.MESSAGING_EVENT" />
173-->src/main/AndroidManifest.xml:160:17-78
173-->src/main/AndroidManifest.xml:160:25-75
174            </intent-filter>
175        </service>
176        <service android:name="com.bene.pictures.fcm.FirebaseInstanceIDService" >
176-->src/main/AndroidManifest.xml:163:9-167:19
176-->src/main/AndroidManifest.xml:163:18-63
177            <intent-filter>
177-->src/main/AndroidManifest.xml:164:13-166:29
178                <action android:name="com.google.firebase.INSTANCE_ID_EVENT" />
178-->src/main/AndroidManifest.xml:165:17-80
178-->src/main/AndroidManifest.xml:165:25-77
179            </intent-filter>
180        </service>
181
182        <provider
182-->src/main/AndroidManifest.xml:169:9-177:20
183            android:name="android.support.v4.content.FileProvider"
183-->src/main/AndroidManifest.xml:170:13-67
184            android:authorities="com.bene.pictures.provider"
184-->src/main/AndroidManifest.xml:171:13-61
185            android:exported="false"
185-->src/main/AndroidManifest.xml:172:13-37
186            android:grantUriPermissions="true" >
186-->src/main/AndroidManifest.xml:173:13-47
187            <meta-data
187-->src/main/AndroidManifest.xml:174:13-176:62
188                android:name="android.support.FILE_PROVIDER_PATHS"
188-->src/main/AndroidManifest.xml:175:17-67
189                android:resource="@xml/file_provider_path" />
189-->src/main/AndroidManifest.xml:176:17-59
190        </provider>
191
192        <!--
193             FirebaseMessagingService performs security checks at runtime,
194             no need for explicit permissions despite exported="true"
195        -->
196        <service
196-->[com.google.firebase:firebase-messaging:17.3.4] AndroidManifest.xml:28:9-34:19
197            android:name="com.google.firebase.messaging.FirebaseMessagingService"
197-->[com.google.firebase:firebase-messaging:17.3.4] AndroidManifest.xml:29:13-82
198            android:exported="true" >
198-->[com.google.firebase:firebase-messaging:17.3.4] AndroidManifest.xml:30:13-36
199            <intent-filter android:priority="-500" >
199-->src/main/AndroidManifest.xml:159:13-161:29
200                <action android:name="com.google.firebase.MESSAGING_EVENT" />
200-->src/main/AndroidManifest.xml:160:17-78
200-->src/main/AndroidManifest.xml:160:25-75
201            </intent-filter>
202        </service>
203        <service
203-->[com.google.firebase:firebase-measurement-connector-impl:17.0.4] AndroidManifest.xml:27:9-31:19
204            android:name="com.google.firebase.components.ComponentDiscoveryService"
204-->[com.google.firebase:firebase-measurement-connector-impl:17.0.4] AndroidManifest.xml:27:18-89
205            android:exported="false" >
205-->[com.google.firebase:firebase-iid:17.0.4] AndroidManifest.xml:31:13-37
206            <meta-data
206-->[com.google.firebase:firebase-measurement-connector-impl:17.0.4] AndroidManifest.xml:28:13-30:85
207                android:name="com.google.firebase.components:com.google.firebase.analytics.connector.internal.AnalyticsConnectorRegistrar"
207-->[com.google.firebase:firebase-measurement-connector-impl:17.0.4] AndroidManifest.xml:29:17-139
208                android:value="com.google.firebase.components.ComponentRegistrar" />
208-->[com.google.firebase:firebase-measurement-connector-impl:17.0.4] AndroidManifest.xml:30:17-82
209            <meta-data
209-->[com.google.firebase:firebase-iid:17.0.4] AndroidManifest.xml:32:13-34:85
210                android:name="com.google.firebase.components:com.google.firebase.iid.Registrar"
210-->[com.google.firebase:firebase-iid:17.0.4] AndroidManifest.xml:33:17-96
211                android:value="com.google.firebase.components.ComponentRegistrar" />
211-->[com.google.firebase:firebase-iid:17.0.4] AndroidManifest.xml:34:17-82
212        </service>
213
214        <receiver
214-->[com.google.firebase:firebase-analytics:16.0.6] AndroidManifest.xml:29:9-33:20
215            android:name="com.google.android.gms.measurement.AppMeasurementReceiver"
215-->[com.google.firebase:firebase-analytics:16.0.6] AndroidManifest.xml:30:13-85
216            android:enabled="true"
216-->[com.google.firebase:firebase-analytics:16.0.6] AndroidManifest.xml:31:13-35
217            android:exported="false" >
217-->[com.google.firebase:firebase-analytics:16.0.6] AndroidManifest.xml:32:13-37
218        </receiver>
219        <receiver
219-->[com.google.firebase:firebase-analytics:16.0.6] AndroidManifest.xml:34:9-42:20
220            android:name="com.google.android.gms.measurement.AppMeasurementInstallReferrerReceiver"
220-->[com.google.firebase:firebase-analytics:16.0.6] AndroidManifest.xml:35:13-100
221            android:enabled="true"
221-->[com.google.firebase:firebase-analytics:16.0.6] AndroidManifest.xml:36:13-35
222            android:exported="true"
222-->[com.google.firebase:firebase-analytics:16.0.6] AndroidManifest.xml:37:13-36
223            android:permission="android.permission.INSTALL_PACKAGES" >
223-->[com.google.firebase:firebase-analytics:16.0.6] AndroidManifest.xml:38:13-69
224            <intent-filter>
224-->[com.google.firebase:firebase-analytics:16.0.6] AndroidManifest.xml:39:13-41:29
225                <action android:name="com.android.vending.INSTALL_REFERRER" />
225-->[com.google.firebase:firebase-analytics:16.0.6] AndroidManifest.xml:40:17-79
225-->[com.google.firebase:firebase-analytics:16.0.6] AndroidManifest.xml:40:25-76
226            </intent-filter>
227        </receiver>
228
229        <service
229-->[com.google.firebase:firebase-analytics:16.0.6] AndroidManifest.xml:44:9-47:40
230            android:name="com.google.android.gms.measurement.AppMeasurementService"
230-->[com.google.firebase:firebase-analytics:16.0.6] AndroidManifest.xml:45:13-84
231            android:enabled="true"
231-->[com.google.firebase:firebase-analytics:16.0.6] AndroidManifest.xml:46:13-35
232            android:exported="false" />
232-->[com.google.firebase:firebase-analytics:16.0.6] AndroidManifest.xml:47:13-37
233        <service
233-->[com.google.firebase:firebase-analytics:16.0.6] AndroidManifest.xml:48:9-52:72
234            android:name="com.google.android.gms.measurement.AppMeasurementJobService"
234-->[com.google.firebase:firebase-analytics:16.0.6] AndroidManifest.xml:49:13-87
235            android:enabled="true"
235-->[com.google.firebase:firebase-analytics:16.0.6] AndroidManifest.xml:50:13-35
236            android:exported="false"
236-->[com.google.firebase:firebase-analytics:16.0.6] AndroidManifest.xml:51:13-37
237            android:permission="android.permission.BIND_JOB_SERVICE" />
237-->[com.google.firebase:firebase-analytics:16.0.6] AndroidManifest.xml:52:13-69
238
239        <receiver
239-->[com.google.firebase:firebase-iid:17.0.4] AndroidManifest.xml:37:9-44:20
240            android:name="com.google.firebase.iid.FirebaseInstanceIdReceiver"
240-->[com.google.firebase:firebase-iid:17.0.4] AndroidManifest.xml:38:13-78
241            android:exported="true"
241-->[com.google.firebase:firebase-iid:17.0.4] AndroidManifest.xml:39:13-36
242            android:permission="com.google.android.c2dm.permission.SEND" >
242-->[com.google.firebase:firebase-iid:17.0.4] AndroidManifest.xml:40:13-73
243            <intent-filter>
243-->[com.google.firebase:firebase-iid:17.0.4] AndroidManifest.xml:41:13-43:29
244                <action android:name="com.google.android.c2dm.intent.RECEIVE" />
244-->[com.google.firebase:firebase-iid:17.0.4] AndroidManifest.xml:42:17-81
244-->[com.google.firebase:firebase-iid:17.0.4] AndroidManifest.xml:42:25-78
245            </intent-filter>
246        </receiver>
247        <!--
248             FirebaseInstanceIdService performs security checks at runtime,
249             no need for explicit permissions despite exported="true"
250        -->
251        <service
251-->[com.google.firebase:firebase-iid:17.0.4] AndroidManifest.xml:50:9-56:19
252            android:name="com.google.firebase.iid.FirebaseInstanceIdService"
252-->[com.google.firebase:firebase-iid:17.0.4] AndroidManifest.xml:51:13-77
253            android:exported="true" >
253-->[com.google.firebase:firebase-iid:17.0.4] AndroidManifest.xml:52:13-36
254            <intent-filter android:priority="-500" >
254-->src/main/AndroidManifest.xml:164:13-166:29
255                <action android:name="com.google.firebase.INSTANCE_ID_EVENT" />
255-->src/main/AndroidManifest.xml:165:17-80
255-->src/main/AndroidManifest.xml:165:25-77
256            </intent-filter>
257        </service>
258
259        <provider
259-->[com.google.firebase:firebase-common:16.0.3] AndroidManifest.xml:10:9-14:39
260            android:name="com.google.firebase.provider.FirebaseInitProvider"
260-->[com.google.firebase:firebase-common:16.0.3] AndroidManifest.xml:11:13-77
261            android:authorities="com.bene.pictures.firebaseinitprovider"
261-->[com.google.firebase:firebase-common:16.0.3] AndroidManifest.xml:12:13-72
262            android:exported="false"
262-->[com.google.firebase:firebase-common:16.0.3] AndroidManifest.xml:13:13-37
263            android:initOrder="100" />
263-->[com.google.firebase:firebase-common:16.0.3] AndroidManifest.xml:14:13-36
264
265        <activity
265-->[com.google.android.gms:play-services-base:16.0.1] AndroidManifest.xml:23:9-26:75
266            android:name="com.google.android.gms.common.api.GoogleApiActivity"
266-->[com.google.android.gms:play-services-base:16.0.1] AndroidManifest.xml:24:13-79
267            android:exported="false"
267-->[com.google.android.gms:play-services-base:16.0.1] AndroidManifest.xml:25:13-37
268            android:theme="@android:style/Theme.Translucent.NoTitleBar" />
268-->[com.google.android.gms:play-services-base:16.0.1] AndroidManifest.xml:26:13-72
269
270        <meta-data
270-->[com.google.android.gms:play-services-basement:16.0.1] AndroidManifest.xml:23:9-25:69
271            android:name="com.google.android.gms.version"
271-->[com.google.android.gms:play-services-basement:16.0.1] AndroidManifest.xml:24:13-58
272            android:value="@integer/google_play_services_version" />
272-->[com.google.android.gms:play-services-basement:16.0.1] AndroidManifest.xml:25:13-66
273
274        <activity
274-->[:album-2.1.3:] AndroidManifest.xml:30:9-34:75
275            android:name="com.yanzhenjie.album.app.album.AlbumActivity"
275-->[:album-2.1.3:] AndroidManifest.xml:31:13-72
276            android:configChanges="orientation|screenSize"
276-->[:album-2.1.3:] AndroidManifest.xml:32:13-59
277            android:theme="@style/Album.Theme.Activity"
277-->[:album-2.1.3:] AndroidManifest.xml:33:13-56
278            android:windowSoftInputMode="stateAlwaysHidden|stateHidden" />
278-->[:album-2.1.3:] AndroidManifest.xml:34:13-72
279        <activity
279-->[:album-2.1.3:] AndroidManifest.xml:35:9-39:75
280            android:name="com.yanzhenjie.album.app.album.GalleryActivity"
280-->[:album-2.1.3:] AndroidManifest.xml:36:13-74
281            android:configChanges="orientation|screenSize"
281-->[:album-2.1.3:] AndroidManifest.xml:37:13-59
282            android:theme="@style/Album.Theme.Activity"
282-->[:album-2.1.3:] AndroidManifest.xml:38:13-56
283            android:windowSoftInputMode="stateAlwaysHidden|stateHidden" />
283-->[:album-2.1.3:] AndroidManifest.xml:39:13-72
284        <activity
284-->[:album-2.1.3:] AndroidManifest.xml:40:9-44:75
285            android:name="com.yanzhenjie.album.app.album.NullActivity"
285-->[:album-2.1.3:] AndroidManifest.xml:41:13-71
286            android:configChanges="orientation|screenSize"
286-->[:album-2.1.3:] AndroidManifest.xml:42:13-59
287            android:theme="@style/Album.Theme.Activity"
287-->[:album-2.1.3:] AndroidManifest.xml:43:13-56
288            android:windowSoftInputMode="stateAlwaysHidden|stateHidden" />
288-->[:album-2.1.3:] AndroidManifest.xml:44:13-72
289        <activity
289-->[:album-2.1.3:] AndroidManifest.xml:45:9-49:75
290            android:name="com.yanzhenjie.album.app.gallery.GalleryActivity"
290-->[:album-2.1.3:] AndroidManifest.xml:46:13-76
291            android:configChanges="orientation|screenSize"
291-->[:album-2.1.3:] AndroidManifest.xml:47:13-59
292            android:theme="@style/Album.Theme.Activity"
292-->[:album-2.1.3:] AndroidManifest.xml:48:13-56
293            android:windowSoftInputMode="stateAlwaysHidden|stateHidden" />
293-->[:album-2.1.3:] AndroidManifest.xml:49:13-72
294        <activity
294-->[:album-2.1.3:] AndroidManifest.xml:50:9-54:75
295            android:name="com.yanzhenjie.album.app.gallery.GalleryAlbumActivity"
295-->[:album-2.1.3:] AndroidManifest.xml:51:13-81
296            android:configChanges="orientation|screenSize"
296-->[:album-2.1.3:] AndroidManifest.xml:52:13-59
297            android:theme="@style/Album.Theme.Activity"
297-->[:album-2.1.3:] AndroidManifest.xml:53:13-56
298            android:windowSoftInputMode="stateAlwaysHidden|stateHidden" />
298-->[:album-2.1.3:] AndroidManifest.xml:54:13-72
299        <activity
299-->[:album-2.1.3:] AndroidManifest.xml:55:9-59:75